<?xml version="1.0" encoding="UTF-8"?>
<!-- Generated by org.testng.reporters.JUnitReportReporter -->
<testsuite hostname="DESKTOP-T0LSQ4F" failures="0" tests="1" name="testGitJenkins.TestProject" time="6.253" errors="0" timestamp="2022-11-08T03:39:14 EST" skipped="0">
  <testcase classname="testGitJenkins.TestProject" name="getDriver" time="6.253"/>
  <system-out/>
</testsuite> <!-- testGitJenkins.TestProject -->
