<?xml version="1.0" encoding="UTF-8"?>
<!-- Generated by org.testng.reporters.JUnitReportReporter -->
<testsuite hostname="DESKTOP-T0LSQ4F" failures="0" tests="1" name="TestProject" time="12.792" errors="0" timestamp="2022-11-07T16:26:59 EST" skipped="0">
  <testcase classname="TestProject" name="getDriver" time="12.792"/>
  <system-out/>
</testsuite> <!-- TestProject -->
