<?xml version="1.0" encoding="UTF-8"?>
<!-- Generated by org.testng.reporters.JUnitReportReporter -->
<testsuite hostname="DESKTOP-T0LSQ4F" failures="0" tests="1" name="helloJI.Hello" time="7.032" errors="0" timestamp="2022-11-08T14:36:40 EST" skipped="0">
  <testcase classname="helloJI.Hello" name="getDriver" time="7.032"/>
  <system-out/>
</testsuite> <!-- helloJI.Hello -->
